2025-02-27 16:20:54.086 [main] WARN  com.alibaba.nacos.client.logging.NacosLogging - Load Logback Configuration of Nacos fail, message: Could not initialize Logback Nacos logging from classpath:nacos-logback.xml
2025-02-27 16:20:54.158 [main] WARN  com.alibaba.nacos.client.logging.NacosLogging - Load Logback Configuration of Nacos fail, message: Could not initialize Logback Nacos logging from classpath:nacos-logback.xml
2025-02-27 16:20:54.799 [main] WARN  com.alibaba.nacos.client.logging.NacosLogging - Load Logback Configuration of Nacos fail, message: Could not initialize Logback Nacos logging from classpath:nacos-logback.xml
2025-02-27 16:20:54.817 [main] WARN  com.alibaba.nacos.client.logging.NacosLogging - Load Logback Configuration of Nacos fail, message: Could not initialize Logback Nacos logging from classpath:nacos-logback.xml
2025-02-27 16:20:54.818 [main] INFO  com.lizhi.xiaohashu.kv.biz.CassandraTests - The following 1 profile is active: "dev"
2025-02-27 16:20:55.250 [main] INFO  o.s.d.r.config.RepositoryConfigurationDelegate - Bootstrapping Spring Data Reactive Cassandra repositories in DEFAULT mode.
2025-02-27 16:20:55.282 [main] INFO  o.s.d.r.config.RepositoryConfigurationDelegate - Finished Spring Data repository scanning in 26 ms. Found 0 Reactive Cassandra repository interfaces.
2025-02-27 16:20:55.288 [main] INFO  o.s.d.r.config.RepositoryConfigurationDelegate - Bootstrapping Spring Data Cassandra repositories in DEFAULT mode.
2025-02-27 16:20:55.303 [main] INFO  o.s.d.r.config.RepositoryConfigurationDelegate - Finished Spring Data repository scanning in 15 ms. Found 1 Cassandra repository interfaces.
2025-02-27 16:20:55.470 [main] INFO  o.springframework.cloud.context.scope.GenericScope - BeanFactory id=993e9574-2838-3de3-ab04-df54f60eedf9
2025-02-27 16:20:55.858 [main] INFO  c.d.o.driver.internal.core.DefaultMavenCoordinates - DataStax Java driver for Apache Cassandra(R) (com.datastax.oss:java-driver-core) version 4.15.0
2025-02-27 16:20:56.504 [s0-admin-0] INFO  com.datastax.oss.driver.internal.core.time.Clock - Using native clock for microsecond precision
2025-02-27 16:20:57.018 [s1-admin-0] INFO  com.datastax.oss.driver.internal.core.time.Clock - Using native clock for microsecond precision
2025-02-27 16:20:58.647 [main] INFO  com.lizhi.xiaohashu.kv.biz.CassandraTests - Started CassandraTests in 5.208 seconds (process running for 6.183)
2025-02-27 16:23:38.142 [main] WARN  com.alibaba.nacos.client.logging.NacosLogging - Load Logback Configuration of Nacos fail, message: Could not initialize Logback Nacos logging from classpath:nacos-logback.xml
2025-02-27 16:23:38.215 [main] WARN  com.alibaba.nacos.client.logging.NacosLogging - Load Logback Configuration of Nacos fail, message: Could not initialize Logback Nacos logging from classpath:nacos-logback.xml
2025-02-27 16:23:38.862 [main] WARN  com.alibaba.nacos.client.logging.NacosLogging - Load Logback Configuration of Nacos fail, message: Could not initialize Logback Nacos logging from classpath:nacos-logback.xml
2025-02-27 16:23:38.883 [main] WARN  com.alibaba.nacos.client.logging.NacosLogging - Load Logback Configuration of Nacos fail, message: Could not initialize Logback Nacos logging from classpath:nacos-logback.xml
2025-02-27 16:23:38.884 [main] INFO  com.lizhi.xiaohashu.kv.biz.CassandraTests - The following 1 profile is active: "dev"
2025-02-27 16:23:39.325 [main] INFO  o.s.d.r.config.RepositoryConfigurationDelegate - Bootstrapping Spring Data Reactive Cassandra repositories in DEFAULT mode.
2025-02-27 16:23:39.355 [main] INFO  o.s.d.r.config.RepositoryConfigurationDelegate - Finished Spring Data repository scanning in 24 ms. Found 0 Reactive Cassandra repository interfaces.
2025-02-27 16:23:39.361 [main] INFO  o.s.d.r.config.RepositoryConfigurationDelegate - Bootstrapping Spring Data Cassandra repositories in DEFAULT mode.
2025-02-27 16:23:39.375 [main] INFO  o.s.d.r.config.RepositoryConfigurationDelegate - Finished Spring Data repository scanning in 14 ms. Found 1 Cassandra repository interfaces.
2025-02-27 16:23:39.555 [main] INFO  o.springframework.cloud.context.scope.GenericScope - BeanFactory id=993e9574-2838-3de3-ab04-df54f60eedf9
2025-02-27 16:23:39.940 [main] INFO  c.d.o.driver.internal.core.DefaultMavenCoordinates - DataStax Java driver for Apache Cassandra(R) (com.datastax.oss:java-driver-core) version 4.15.0
2025-02-27 16:23:40.517 [s0-admin-0] INFO  com.datastax.oss.driver.internal.core.time.Clock - Using native clock for microsecond precision
2025-02-27 16:23:40.955 [s1-admin-0] INFO  com.datastax.oss.driver.internal.core.time.Clock - Using native clock for microsecond precision
2025-02-27 16:23:42.685 [main] INFO  com.lizhi.xiaohashu.kv.biz.CassandraTests - Started CassandraTests in 5.209 seconds (process running for 6.193)
2025-02-27 16:25:36.221 [main] WARN  com.alibaba.nacos.client.logging.NacosLogging - Load Logback Configuration of Nacos fail, message: Could not initialize Logback Nacos logging from classpath:nacos-logback.xml
2025-02-27 16:25:36.288 [main] WARN  com.alibaba.nacos.client.logging.NacosLogging - Load Logback Configuration of Nacos fail, message: Could not initialize Logback Nacos logging from classpath:nacos-logback.xml
2025-02-27 16:25:36.933 [main] WARN  com.alibaba.nacos.client.logging.NacosLogging - Load Logback Configuration of Nacos fail, message: Could not initialize Logback Nacos logging from classpath:nacos-logback.xml
2025-02-27 16:25:36.952 [main] WARN  com.alibaba.nacos.client.logging.NacosLogging - Load Logback Configuration of Nacos fail, message: Could not initialize Logback Nacos logging from classpath:nacos-logback.xml
2025-02-27 16:25:36.953 [main] INFO  com.lizhi.xiaohashu.kv.biz.CassandraTests - The following 1 profile is active: "dev"
2025-02-27 16:25:37.378 [main] INFO  o.s.d.r.config.RepositoryConfigurationDelegate - Bootstrapping Spring Data Reactive Cassandra repositories in DEFAULT mode.
2025-02-27 16:25:37.410 [main] INFO  o.s.d.r.config.RepositoryConfigurationDelegate - Finished Spring Data repository scanning in 23 ms. Found 0 Reactive Cassandra repository interfaces.
2025-02-27 16:25:37.414 [main] INFO  o.s.d.r.config.RepositoryConfigurationDelegate - Bootstrapping Spring Data Cassandra repositories in DEFAULT mode.
2025-02-27 16:25:37.428 [main] INFO  o.s.d.r.config.RepositoryConfigurationDelegate - Finished Spring Data repository scanning in 13 ms. Found 1 Cassandra repository interfaces.
2025-02-27 16:25:37.586 [main] INFO  o.springframework.cloud.context.scope.GenericScope - BeanFactory id=993e9574-2838-3de3-ab04-df54f60eedf9
2025-02-27 16:25:37.949 [main] INFO  c.d.o.driver.internal.core.DefaultMavenCoordinates - DataStax Java driver for Apache Cassandra(R) (com.datastax.oss:java-driver-core) version 4.15.0
2025-02-27 16:25:38.487 [s0-admin-0] INFO  com.datastax.oss.driver.internal.core.time.Clock - Using native clock for microsecond precision
2025-02-27 16:25:38.907 [s1-admin-0] INFO  com.datastax.oss.driver.internal.core.time.Clock - Using native clock for microsecond precision
2025-02-27 16:25:40.471 [main] INFO  com.lizhi.xiaohashu.kv.biz.CassandraTests - Started CassandraTests in 4.896 seconds (process running for 5.94)
2025-02-27 16:27:05.108 [main] WARN  com.alibaba.nacos.client.logging.NacosLogging - Load Logback Configuration of Nacos fail, message: Could not initialize Logback Nacos logging from classpath:nacos-logback.xml
2025-02-27 16:27:05.181 [main] WARN  com.alibaba.nacos.client.logging.NacosLogging - Load Logback Configuration of Nacos fail, message: Could not initialize Logback Nacos logging from classpath:nacos-logback.xml
2025-02-27 16:27:05.859 [main] WARN  com.alibaba.nacos.client.logging.NacosLogging - Load Logback Configuration of Nacos fail, message: Could not initialize Logback Nacos logging from classpath:nacos-logback.xml
2025-02-27 16:27:05.878 [main] WARN  com.alibaba.nacos.client.logging.NacosLogging - Load Logback Configuration of Nacos fail, message: Could not initialize Logback Nacos logging from classpath:nacos-logback.xml
2025-02-27 16:27:05.879 [main] INFO  com.lizhi.xiaohashu.kv.biz.CassandraTests - The following 1 profile is active: "dev"
2025-02-27 16:27:06.328 [main] INFO  o.s.d.r.config.RepositoryConfigurationDelegate - Bootstrapping Spring Data Reactive Cassandra repositories in DEFAULT mode.
2025-02-27 16:27:06.357 [main] INFO  o.s.d.r.config.RepositoryConfigurationDelegate - Finished Spring Data repository scanning in 22 ms. Found 0 Reactive Cassandra repository interfaces.
2025-02-27 16:27:06.363 [main] INFO  o.s.d.r.config.RepositoryConfigurationDelegate - Bootstrapping Spring Data Cassandra repositories in DEFAULT mode.
2025-02-27 16:27:06.377 [main] INFO  o.s.d.r.config.RepositoryConfigurationDelegate - Finished Spring Data repository scanning in 14 ms. Found 1 Cassandra repository interfaces.
2025-02-27 16:27:06.541 [main] INFO  o.springframework.cloud.context.scope.GenericScope - BeanFactory id=993e9574-2838-3de3-ab04-df54f60eedf9
2025-02-27 16:27:06.892 [main] INFO  c.d.o.driver.internal.core.DefaultMavenCoordinates - DataStax Java driver for Apache Cassandra(R) (com.datastax.oss:java-driver-core) version 4.15.0
2025-02-27 16:27:07.431 [s0-admin-0] INFO  com.datastax.oss.driver.internal.core.time.Clock - Using native clock for microsecond precision
2025-02-27 16:27:07.846 [s1-admin-0] INFO  com.datastax.oss.driver.internal.core.time.Clock - Using native clock for microsecond precision
2025-02-27 16:27:09.402 [main] INFO  com.lizhi.xiaohashu.kv.biz.CassandraTests - Started CassandraTests in 4.957 seconds (process running for 5.962)
2025-02-27 16:27:36.851 [main] WARN  com.alibaba.nacos.client.logging.NacosLogging - Load Logback Configuration of Nacos fail, message: Could not initialize Logback Nacos logging from classpath:nacos-logback.xml
2025-02-27 16:27:36.921 [main] WARN  com.alibaba.nacos.client.logging.NacosLogging - Load Logback Configuration of Nacos fail, message: Could not initialize Logback Nacos logging from classpath:nacos-logback.xml
2025-02-27 16:27:37.579 [main] WARN  com.alibaba.nacos.client.logging.NacosLogging - Load Logback Configuration of Nacos fail, message: Could not initialize Logback Nacos logging from classpath:nacos-logback.xml
2025-02-27 16:27:37.597 [main] WARN  com.alibaba.nacos.client.logging.NacosLogging - Load Logback Configuration of Nacos fail, message: Could not initialize Logback Nacos logging from classpath:nacos-logback.xml
2025-02-27 16:27:37.597 [main] INFO  com.lizhi.xiaohashu.kv.biz.CassandraTests - The following 1 profile is active: "dev"
2025-02-27 16:27:38.038 [main] INFO  o.s.d.r.config.RepositoryConfigurationDelegate - Bootstrapping Spring Data Reactive Cassandra repositories in DEFAULT mode.
2025-02-27 16:27:38.066 [main] INFO  o.s.d.r.config.RepositoryConfigurationDelegate - Finished Spring Data repository scanning in 22 ms. Found 0 Reactive Cassandra repository interfaces.
2025-02-27 16:27:38.070 [main] INFO  o.s.d.r.config.RepositoryConfigurationDelegate - Bootstrapping Spring Data Cassandra repositories in DEFAULT mode.
2025-02-27 16:27:38.085 [main] INFO  o.s.d.r.config.RepositoryConfigurationDelegate - Finished Spring Data repository scanning in 14 ms. Found 1 Cassandra repository interfaces.
2025-02-27 16:27:38.256 [main] INFO  o.springframework.cloud.context.scope.GenericScope - BeanFactory id=993e9574-2838-3de3-ab04-df54f60eedf9
2025-02-27 16:27:38.613 [main] INFO  c.d.o.driver.internal.core.DefaultMavenCoordinates - DataStax Java driver for Apache Cassandra(R) (com.datastax.oss:java-driver-core) version 4.15.0
2025-02-27 16:27:39.154 [s0-admin-0] INFO  com.datastax.oss.driver.internal.core.time.Clock - Using native clock for microsecond precision
2025-02-27 16:27:39.552 [s1-admin-0] INFO  com.datastax.oss.driver.internal.core.time.Clock - Using native clock for microsecond precision
2025-02-27 16:27:41.081 [main] INFO  com.lizhi.xiaohashu.kv.biz.CassandraTests - Started CassandraTests in 4.881 seconds (process running for 5.877)
2025-02-27 16:28:09.942 [main] WARN  com.alibaba.nacos.client.logging.NacosLogging - Load Logback Configuration of Nacos fail, message: Could not initialize Logback Nacos logging from classpath:nacos-logback.xml
2025-02-27 16:28:10.014 [main] WARN  com.alibaba.nacos.client.logging.NacosLogging - Load Logback Configuration of Nacos fail, message: Could not initialize Logback Nacos logging from classpath:nacos-logback.xml
2025-02-27 16:28:10.649 [main] WARN  com.alibaba.nacos.client.logging.NacosLogging - Load Logback Configuration of Nacos fail, message: Could not initialize Logback Nacos logging from classpath:nacos-logback.xml
2025-02-27 16:28:10.677 [main] WARN  com.alibaba.nacos.client.logging.NacosLogging - Load Logback Configuration of Nacos fail, message: Could not initialize Logback Nacos logging from classpath:nacos-logback.xml
2025-02-27 16:28:10.678 [main] INFO  com.lizhi.xiaohashu.kv.biz.CassandraTests - The following 1 profile is active: "dev"
2025-02-27 16:28:11.120 [main] INFO  o.s.d.r.config.RepositoryConfigurationDelegate - Bootstrapping Spring Data Reactive Cassandra repositories in DEFAULT mode.
2025-02-27 16:28:11.150 [main] INFO  o.s.d.r.config.RepositoryConfigurationDelegate - Finished Spring Data repository scanning in 22 ms. Found 0 Reactive Cassandra repository interfaces.
2025-02-27 16:28:11.155 [main] INFO  o.s.d.r.config.RepositoryConfigurationDelegate - Bootstrapping Spring Data Cassandra repositories in DEFAULT mode.
2025-02-27 16:28:11.169 [main] INFO  o.s.d.r.config.RepositoryConfigurationDelegate - Finished Spring Data repository scanning in 14 ms. Found 1 Cassandra repository interfaces.
2025-02-27 16:28:11.338 [main] INFO  o.springframework.cloud.context.scope.GenericScope - BeanFactory id=993e9574-2838-3de3-ab04-df54f60eedf9
2025-02-27 16:28:11.707 [main] INFO  c.d.o.driver.internal.core.DefaultMavenCoordinates - DataStax Java driver for Apache Cassandra(R) (com.datastax.oss:java-driver-core) version 4.15.0
2025-02-27 16:28:12.256 [s0-admin-0] INFO  com.datastax.oss.driver.internal.core.time.Clock - Using native clock for microsecond precision
2025-02-27 16:28:12.685 [s1-admin-0] INFO  com.datastax.oss.driver.internal.core.time.Clock - Using native clock for microsecond precision
2025-02-27 16:28:14.287 [main] INFO  com.lizhi.xiaohashu.kv.biz.CassandraTests - Started CassandraTests in 5.002 seconds (process running for 6.003)
2025-02-27 16:28:30.676 [main] WARN  com.alibaba.nacos.client.logging.NacosLogging - Load Logback Configuration of Nacos fail, message: Could not initialize Logback Nacos logging from classpath:nacos-logback.xml
2025-02-27 16:28:30.753 [main] WARN  com.alibaba.nacos.client.logging.NacosLogging - Load Logback Configuration of Nacos fail, message: Could not initialize Logback Nacos logging from classpath:nacos-logback.xml
2025-02-27 16:28:31.397 [main] WARN  com.alibaba.nacos.client.logging.NacosLogging - Load Logback Configuration of Nacos fail, message: Could not initialize Logback Nacos logging from classpath:nacos-logback.xml
2025-02-27 16:28:31.419 [main] WARN  com.alibaba.nacos.client.logging.NacosLogging - Load Logback Configuration of Nacos fail, message: Could not initialize Logback Nacos logging from classpath:nacos-logback.xml
2025-02-27 16:28:31.420 [main] INFO  com.lizhi.xiaohashu.kv.biz.CassandraTests - The following 1 profile is active: "dev"
2025-02-27 16:28:31.849 [main] INFO  o.s.d.r.config.RepositoryConfigurationDelegate - Bootstrapping Spring Data Reactive Cassandra repositories in DEFAULT mode.
2025-02-27 16:28:31.876 [main] INFO  o.s.d.r.config.RepositoryConfigurationDelegate - Finished Spring Data repository scanning in 21 ms. Found 0 Reactive Cassandra repository interfaces.
2025-02-27 16:28:31.881 [main] INFO  o.s.d.r.config.RepositoryConfigurationDelegate - Bootstrapping Spring Data Cassandra repositories in DEFAULT mode.
2025-02-27 16:28:31.894 [main] INFO  o.s.d.r.config.RepositoryConfigurationDelegate - Finished Spring Data repository scanning in 13 ms. Found 1 Cassandra repository interfaces.
2025-02-27 16:28:32.045 [main] INFO  o.springframework.cloud.context.scope.GenericScope - BeanFactory id=993e9574-2838-3de3-ab04-df54f60eedf9
2025-02-27 16:28:32.397 [main] INFO  c.d.o.driver.internal.core.DefaultMavenCoordinates - DataStax Java driver for Apache Cassandra(R) (com.datastax.oss:java-driver-core) version 4.15.0
2025-02-27 16:28:32.935 [s0-admin-0] INFO  com.datastax.oss.driver.internal.core.time.Clock - Using native clock for microsecond precision
2025-02-27 16:28:33.361 [s1-admin-0] INFO  com.datastax.oss.driver.internal.core.time.Clock - Using native clock for microsecond precision
2025-02-27 16:28:35.046 [main] INFO  com.lizhi.xiaohashu.kv.biz.CassandraTests - Started CassandraTests in 5.019 seconds (process running for 6.018)
2025-02-27 16:28:35.597 [main] INFO  com.lizhi.xiaohashu.kv.biz.CassandraTests - 查询结果：{"id":"27da22de-b613-41fe-955a-0ff4c677ab28","content":"代码测试笔记内容更新"}
